<?xml version="1.0" encoding="UTF-8"?>
<testng-results ignored="0" total="3" passed="3" failed="0" skipped="0">
  <reporter-output>
  </reporter-output>
  <suite started-at="2025-03-12T12:06:48 IST" name="Default suite" finished-at="2025-03-12T12:07:55 IST" duration-ms="67157">
    <groups>
      <group name="cucumber">
        <method signature="AbstractTestNGCucumberTests.runScenario(io.cucumber.testng.PickleWrapper,io.cucumber.testng.FeatureWrapper)[pri:0, instance:runner.CartRunner$TestRunner@534a5a98]" name="runScenario" class="io.cucumber.testng.AbstractTestNGCucumberTests"/>
      </group> <!-- cucumber -->
    </groups>
    <test started-at="2025-03-12T12:06:48 IST" name="Default test" finished-at="2025-03-12T12:07:55 IST" duration-ms="67157">
      <class name="runner.CartRunner$TestRunner">
        <test-method is-config="true" signature="setUpClass(org.testng.ITestContext)[pri:0, instance:runner.CartRunner$TestRunner@534a5a98]" started-at="2025-03-12T12:06:48 IST" name="setUpClass" finished-at="2025-03-12T12:06:54 IST" duration-ms="6387" status="PASS">
          <params>
            <param index="0">
              <value>
                <![CDATA[org.testng.TestRunner@1bc0d349]]>
              </value>
            </param>
          </params>
          <reporter-output>
          </reporter-output>
        </test-method> <!-- setUpClass -->
        <test-method signature="runScenario(io.cucumber.testng.PickleWrapper,io.cucumber.testng.FeatureWrapper)[pri:0, instance:runner.CartRunner$TestRunner@534a5a98]" started-at="2025-03-12T12:06:54 IST" name="runScenario" description="Runs Cucumber Scenarios" data-provider="scenarios" finished-at="2025-03-12T12:07:28 IST" duration-ms="33293" status="PASS">
          <params>
            <param index="0">
              <value>
                <![CDATA["User adds a product to the cart"]]>
              </value>
            </param>
            <param index="1">
              <value>
                <![CDATA["Add to Cart functionality"]]>
              </value>
            </param>
          </params>
          <reporter-output>
          </reporter-output>
        </test-method> <!-- runScenario -->
        <test-method signature="runScenario(io.cucumber.testng.PickleWrapper,io.cucumber.testng.FeatureWrapper)[pri:0, instance:runner.CartRunner$TestRunner@534a5a98]" started-at="2025-03-12T12:07:28 IST" name="runScenario" description="Runs Cucumber Scenarios" data-provider="scenarios" finished-at="2025-03-12T12:07:40 IST" duration-ms="12187" status="PASS">
          <params>
            <param index="0">
              <value>
                <![CDATA["Log before each step"]]>
              </value>
            </param>
            <param index="1">
              <value>
                <![CDATA["Add to Cart functionality"]]>
              </value>
            </param>
          </params>
          <reporter-output>
          </reporter-output>
        </test-method> <!-- runScenario -->
        <test-method signature="runScenario(io.cucumber.testng.PickleWrapper,io.cucumber.testng.FeatureWrapper)[pri:0, instance:runner.CartRunner$TestRunner@534a5a98]" started-at="2025-03-12T12:07:40 IST" name="runScenario" description="Runs Cucumber Scenarios" data-provider="scenarios" finished-at="2025-03-12T12:07:55 IST" duration-ms="14835" status="PASS">
          <params>
            <param index="0">
              <value>
                <![CDATA["Log after each step"]]>
              </value>
            </param>
            <param index="1">
              <value>
                <![CDATA["Add to Cart functionality"]]>
              </value>
            </param>
          </params>
          <reporter-output>
          </reporter-output>
        </test-method> <!-- runScenario -->
        <test-method is-config="true" signature="tearDownClass()[pri:0, instance:runner.CartRunner$TestRunner@534a5a98]" started-at="2025-03-12T12:07:55 IST" name="tearDownClass" finished-at="2025-03-12T12:07:55 IST" duration-ms="176" status="PASS">
          <reporter-output>
          </reporter-output>
        </test-method> <!-- tearDownClass -->
      </class> <!-- runner.CartRunner$TestRunner -->
    </test> <!-- Default test -->
  </suite> <!-- Default suite -->
</testng-results>
